<?xml version="1.0" encoding="UTF-8"?>
<testng-results ignored="0" total="1" passed="1" failed="0" skipped="0">
  <reporter-output>
  </reporter-output>
  <suite started-at="2025-08-17T00:27:15 IST" name="Default suite" finished-at="2025-08-17T00:29:15 IST" duration-ms="120223">
    <groups>
    </groups>
    <test started-at="2025-08-17T00:27:15 IST" name="Default test" finished-at="2025-08-17T00:29:15 IST" duration-ms="120223">
      <class name="com.OHRM.TestScripts.OHRMLoginTest">
        <test-method signature="loginTest()[pri:0, instance:com.OHRM.TestScripts.OHRMLoginTest@34e9fd99]" started-at="2025-08-17T00:27:15 IST" name="loginTest" finished-at="2025-08-17T00:29:15 IST" duration-ms="120146" status="PASS">
          <reporter-output>
          </reporter-output>
        </test-method> <!-- loginTest -->
      </class> <!-- com.OHRM.TestScripts.OHRMLoginTest -->
    </test> <!-- Default test -->
  </suite> <!-- Default suite -->
</testng-results>
